{"meta": {"format": 3, "version": "7.13.5", "timestamp": "2026-04-02T22:06:27.010965", "branch_coverage": false, "show_contexts": false}, "files": {"json_database/__init__.py": {"executed_lines": [44, 45, 46, 47, 49, 50, 51, 52, 61, 62, 63, 64, 65, 66, 67, 68, 69, 70, 71, 72, 74, 77, 78, 81, 82, 84, 90, 91, 92, 93, 94, 95, 96, 97, 98, 99, 102, 103, 104, 108, 109, 113, 117, 118, 119, 120, 121, 151, 152, 153, 162, 164, 165, 166, 167, 173, 174, 175, 176, 177, 178, 179, 215, 216, 217, 218, 219, 220, 225, 229, 230, 231, 232, 233, 236, 239, 242, 243, 244, 245, 246, 247, 248, 250, 251, 252, 253, 254, 257, 258, 260, 263, 264, 265, 268, 269, 276, 279, 282, 286, 287, 288, 295, 296, 297, 298, 304, 305, 306, 307, 308, 317, 318, 320, 325, 326, 327, 328, 331, 337, 338, 342, 343, 344, 345, 347, 348, 353, 354, 355, 359, 360, 368, 370, 374, 375, 376, 378, 381, 382, 385, 386, 387, 389, 392, 393, 413, 414, 415, 428, 429, 430, 449, 450, 468], "summary": {"covered_lines": 155, "num_statements": 234, "percent_covered": 66.23931623931624, "percent_covered_display": "66", "missing_lines": 79, "excluded_lines": 0, "percent_statements_covered": 66.23931623931624, "percent_statements_covered_display": "66"}, "missing_lines": [1, 2, 3, 4, 5, 6, 7, 9, 11, 12, 14, 17, 19, 20, 23, 43, 54, 76, 80, 86, 101, 106, 111, 115, 124, 150, 155, 169, 182, 210, 223, 227, 235, 238, 241, 256, 262, 267, 272, 278, 281, 285, 290, 300, 322, 329, 340, 346, 351, 357, 362, 369, 373, 377, 379, 384, 388, 390, 398, 408, 418, 421, 434, 446, 453, 465, 471, 473, 474, 475, 476, 477, 478, 479, 480, 481, 482, 484, 485], "excluded_lines": [], "functions": {"JsonStorage.__init__": {"executed_lines": [44, 45, 46, 47, 49, 50, 51, 52], "summary": {"covered_lines": 8, "num_statements": 8, "percent_covered": 100.0, "percent_covered_display": "100", "missing_lines": 0, "excluded_lines": 0, "percent_statements_covered": 100.0, "percent_statements_covered_display": "100"}, "missing_lines": [], "excluded_lines": [], "start_line": 43}, "JsonStorage.load_local": {"executed_lines": [61, 62, 63, 64, 65, 66, 67, 68, 69, 70, 71, 72, 74], "summary": {"covered_lines": 13, "num_statements": 13, "percent_covered": 100.0, "percent_covered_display": "100", "missing_lines": 0, "excluded_lines": 0, "percent_statements_covered": 100.0, "percent_statements_covered_display": "100"}, "missing_lines": [], "excluded_lines": [], "start_line": 54}, "JsonStorage.clear": {"executed_lines": [77, 78], "summary": {"covered_lines": 2, "num_statements": 2, "percent_covered": 100.0, "percent_covered_display": "100", "missing_lines": 0, "excluded_lines": 0, "percent_statements_covered": 100.0, "percent_statements_covered_display": "100"}, "missing_lines": [], "excluded_lines": [], "start_line": 76}, "JsonStorage.reload": {"executed_lines": [81, 82, 84], "summary": {"covered_lines": 3, "num_statements": 3, "percent_covered": 100.0, "percent_covered_display": "100", "missing_lines": 0, "excluded_lines": 0, "percent_statements_covered": 100.0, "percent_statements_covered_display": "100"}, "missing_lines": [], "excluded_lines": [], "start_line": 80}, "JsonStorage.store": {"executed_lines": [90, 91, 92, 93, 94, 95, 96, 97, 98, 99], "summary": {"covered_lines": 10, "num_statements": 10, "percent_covered": 100.0, "percent_covered_display": "100", "missing_lines": 0, "excluded_lines": 0, "percent_statements_covered": 100.0, "percent_statements_covered_display": "100"}, "missing_lines": [], "excluded_lines": [], "start_line": 86}, "JsonStorage.remove": {"executed_lines": [102, 103, 104], "summary": {"covered_lines": 3, "num_statements": 3, "percent_covered": 100.0, "percent_covered_display": "100", "missing_lines": 0, "excluded_lines": 0, "percent_statements_covered": 100.0, "percent_statements_covered_display": "100"}, "missing_lines": [], "excluded_lines": [], "start_line": 101}, "JsonStorage.merge": {"executed_lines": [108, 109], "summary": {"covered_lines": 2, "num_statements": 2, "percent_covered": 100.0, "percent_covered_display": "100", "missing_lines": 0, "excluded_lines": 0, "percent_statements_covered": 100.0, "percent_statements_covered_display": "100"}, "missing_lines": [], "excluded_lines": [], "start_line": 106}, "JsonStorage.__enter__": {"executed_lines": [113], "summary": {"covered_lines": 1, "num_statements": 1, "percent_covered": 100.0, "percent_covered_display": "100", "missing_lines": 0, "excluded_lines": 0, "percent_statements_covered": 100.0, "percent_statements_covered_display": "100"}, "missing_lines": [], "excluded_lines": [], "start_line": 111}, "JsonStorage.__exit__": {"executed_lines": [117, 118, 119, 120, 121], "summary": {"covered_lines": 5, "num_statements": 5, "percent_covered": 100.0, "percent_covered_display": "100", "missing_lines": 0, "excluded_lines": 0, "percent_statements_covered": 100.0, "percent_statements_covered_display": "100"}, "missing_lines": [], "excluded_lines": [], "start_line": 115}, "EncryptedJsonStorage.__init__": {"executed_lines": [151, 152, 153], "summary": {"covered_lines": 3, "num_statements": 3, "percent_covered": 100.0, "percent_covered_display": "100", "missing_lines": 0, "excluded_lines": 0, "percent_statements_covered": 100.0, "percent_statements_covered_display": "100"}, "missing_lines": [], "excluded_lines": [], "start_line": 150}, "EncryptedJsonStorage.load_local": {"executed_lines": [162, 164, 165, 166, 167], "summary": {"covered_lines": 5, "num_statements": 5, "percent_covered": 100.0, "percent_covered_display": "100", "missing_lines": 0, "excluded_lines": 0, "percent_statements_covered": 100.0, "percent_statements_covered_display": "100"}, "missing_lines": [], "excluded_lines": [], "start_line": 155}, "EncryptedJsonStorage.store": {"executed_lines": [173, 174, 175, 176, 177, 178, 179], "summary": {"covered_lines": 7, "num_statements": 7, "percent_covered": 100.0, "percent_covered_display": "100", "missing_lines": 0, "excluded_lines": 0, "percent_statements_covered": 100.0, "percent_statements_covered_display": "100"}, "missing_lines": [], "excluded_lines": [], "start_line": 169}, "JsonDatabase.__init__": {"executed_lines": [215, 216, 217, 218, 219, 220], "summary": {"covered_lines": 6, "num_statements": 6, "percent_covered": 100.0, "percent_covered_display": "100", "missing_lines": 0, "excluded_lines": 0, "percent_statements_covered": 100.0, "percent_statements_covered_display": "100"}, "missing_lines": [], "excluded_lines": [], "start_line": 210}, "JsonDatabase.__enter__": {"executed_lines": [225], "summary": {"covered_lines": 1, "num_statements": 1, "percent_covered": 100.0, "percent_covered_display": "100", "missing_lines": 0, "excluded_lines": 0, "percent_statements_covered": 100.0, "percent_statements_covered_display": "100"}, "missing_lines": [], "excluded_lines": [], "start_line": 223}, "JsonDatabase.__exit__": {"executed_lines": [229, 230, 231, 232, 233], "summary": {"covered_lines": 5, "num_statements": 5, "percent_covered": 100.0, "percent_covered_display": "100", "missing_lines": 0, "excluded_lines": 0, "percent_statements_covered": 100.0, "percent_statements_covered_display": "100"}, "missing_lines": [], "excluded_lines": [], "start_line": 227}, "JsonDatabase.__repr__": {"executed_lines": [236], "summary": {"covered_lines": 1, "num_statements": 1, "percent_covered": 100.0, "percent_covered_display": "100", "missing_lines": 0, "excluded_lines": 0, "percent_statements_covered": 100.0, "percent_statements_covered_display": "100"}, "missing_lines": [], "excluded_lines": [], "start_line": 235}, "JsonDatabase.__len__": {"executed_lines": [239], "summary": {"covered_lines": 1, "num_statements": 1, "percent_covered": 100.0, "percent_covered_display": "100", "missing_lines": 0, "excluded_lines": 0, "percent_statements_covered": 100.0, "percent_statements_covered_display": "100"}, "missing_lines": [], "excluded_lines": [], "start_line": 238}, "JsonDatabase.__getitem__": {"executed_lines": [242, 243, 244, 245, 246, 247, 248, 250, 251, 252, 253, 254], "summary": {"covered_lines": 12, "num_statements": 12, "percent_covered": 100.0, "percent_covered_display": "100", "missing_lines": 0, "excluded_lines": 0, "percent_statements_covered": 100.0, "percent_statements_covered_display": "100"}, "missing_lines": [], "excluded_lines": [], "start_line": 241}, "JsonDatabase.__setitem__": {"executed_lines": [257, 258, 260], "summary": {"covered_lines": 3, "num_statements": 3, "percent_covered": 100.0, "percent_covered_display": "100", "missing_lines": 0, "excluded_lines": 0, "percent_statements_covered": 100.0, "percent_statements_covered_display": "100"}, "missing_lines": [], "excluded_lines": [], "start_line": 256}, "JsonDatabase.__iter__": {"executed_lines": [263, 264, 265], "summary": {"covered_lines": 3, "num_statements": 3, "percent_covered": 100.0, "percent_covered_display": "100", "missing_lines": 0, "excluded_lines": 0, "percent_statements_covered": 100.0, "percent_statements_covered_display": "100"}, "missing_lines": [], "excluded_lines": [], "start_line": 262}, "JsonDatabase.__contains__": {"executed_lines": [268, 269], "summary": {"covered_lines": 2, "num_statements": 2, "percent_covered": 100.0, "percent_covered_display": "100", "missing_lines": 0, "excluded_lines": 0, "percent_statements_covered": 100.0, "percent_statements_covered_display": "100"}, "missing_lines": [], "excluded_lines": [], "start_line": 267}, "JsonDatabase.commit": {"executed_lines": [276], "summary": {"covered_lines": 1, "num_statements": 1, "percent_covered": 100.0, "percent_covered_display": "100", "missing_lines": 0, "excluded_lines": 0, "percent_statements_covered": 100.0, "percent_statements_covered_display": "100"}, "missing_lines": [], "excluded_lines": [], "start_line": 272}, "JsonDatabase.reset": {"executed_lines": [279], "summary": {"covered_lines": 1, "num_statements": 1, "percent_covered": 100.0, "percent_covered_display": "100", "missing_lines": 0, "excluded_lines": 0, "percent_statements_covered": 100.0, "percent_statements_covered_display": "100"}, "missing_lines": [], "excluded_lines": [], "start_line": 278}, "JsonDatabase.print": {"executed_lines": [282], "summary": {"covered_lines": 1, "num_statements": 1, "percent_covered": 100.0, "percent_covered_display": "100", "missing_lines": 0, "excluded_lines": 0, "percent_statements_covered": 100.0, "percent_statements_covered_display": "100"}, "missing_lines": [], "excluded_lines": [], "start_line": 281}, "JsonDatabase.append": {"executed_lines": [286, 287, 288], "summary": {"covered_lines": 3, "num_statements": 3, "percent_covered": 100.0, "percent_covered_display": "100", "missing_lines": 0, "excluded_lines": 0, "percent_statements_covered": 100.0, "percent_statements_covered_display": "100"}, "missing_lines": [], "excluded_lines": [], "start_line": 285}, "JsonDatabase.add_item": {"executed_lines": [295, 296, 297, 298], "summary": {"covered_lines": 4, "num_statements": 4, "percent_covered": 100.0, "percent_covered_display": "100", "missing_lines": 0, "excluded_lines": 0, "percent_statements_covered": 100.0, "percent_statements_covered_display": "100"}, "missing_lines": [], "excluded_lines": [], "start_line": 290}, "JsonDatabase.match_item": {"executed_lines": [304, 305, 306, 307, 308, 317, 318, 320], "summary": {"covered_lines": 8, "num_statements": 8, "percent_covered": 100.0, "percent_covered_display": "100", "missing_lines": 0, "excluded_lines": 0, "percent_statements_covered": 100.0, "percent_statements_covered_display": "100"}, "missing_lines": [], "excluded_lines": [], "start_line": 300}, "JsonDatabase.merge_item": {"executed_lines": [325, 326, 327, 328, 331, 337, 338], "summary": {"covered_lines": 7, "num_statements": 8, "percent_covered": 87.5, "percent_covered_display": "88", "missing_lines": 1, "excluded_lines": 0, "percent_statements_covered": 87.5, "percent_statements_covered_display": "88"}, "missing_lines": [329], "excluded_lines": [], "start_line": 322}, "JsonDatabase.replace_item": {"executed_lines": [342, 343, 344, 345, 347, 348], "summary": {"covered_lines": 6, "num_statements": 7, "percent_covered": 85.71428571428571, "percent_covered_display": "86", "missing_lines": 1, "excluded_lines": 0, "percent_statements_covered": 85.71428571428571, "percent_statements_covered_display": "86"}, "missing_lines": [346], "excluded_lines": [], "start_line": 340}, "JsonDatabase.get_item_id": {"executed_lines": [353, 354, 355], "summary": {"covered_lines": 3, "num_statements": 3, "percent_covered": 100.0, "percent_covered_display": "100", "missing_lines": 0, "excluded_lines": 0, "percent_statements_covered": 100.0, "percent_statements_covered_display": "100"}, "missing_lines": [], "excluded_lines": [], "start_line": 351}, "JsonDatabase.update_item": {"executed_lines": [359, 360], "summary": {"covered_lines": 2, "num_statements": 2, "percent_covered": 100.0, "percent_covered_display": "100", "missing_lines": 0, "excluded_lines": 0, "percent_statements_covered": 100.0, "percent_statements_covered_display": "100"}, "missing_lines": [], "excluded_lines": [], "start_line": 357}, "JsonDatabase.remove_item": {"executed_lines": [368, 370], "summary": {"covered_lines": 2, "num_statements": 3, "percent_covered": 66.66666666666667, "percent_covered_display": "67", "missing_lines": 1, "excluded_lines": 0, "percent_statements_covered": 66.66666666666667, "percent_statements_covered_display": "67"}, "missing_lines": [369], "excluded_lines": [], "start_line": 362}, "JsonDatabase.search_by_key": {"executed_lines": [374, 375, 376, 378, 381, 382], "summary": {"covered_lines": 6, "num_statements": 8, "percent_covered": 75.0, "percent_covered_display": "75", "missing_lines": 2, "excluded_lines": 0, "percent_statements_covered": 75.0, "percent_statements_covered_display": "75"}, "missing_lines": [377, 379], "excluded_lines": [], "start_line": 373}, "JsonDatabase.search_by_value": {"executed_lines": [385, 386, 387, 389, 392, 393], "summary": {"covered_lines": 6, "num_statements": 8, "percent_covered": 75.0, "percent_covered_display": "75", "missing_lines": 2, "excluded_lines": 0, "percent_statements_covered": 75.0, "percent_statements_covered_display": "75"}, "missing_lines": [388, 390], "excluded_lines": [], "start_line": 384}, "JsonStorageXDG.__init__": {"executed_lines": [413, 414, 415], "summary": {"covered_lines": 3, "num_statements": 3, "percent_covered": 100.0, "percent_covered_display": "100", "missing_lines": 0, "excluded_lines": 0, "percent_statements_covered": 100.0, "percent_statements_covered_display": "100"}, "missing_lines": [], "excluded_lines": [], "start_line": 408}, "EncryptedJsonStorageXDG.__init__": {"executed_lines": [428, 429, 430], "summary": {"covered_lines": 3, "num_statements": 3, "percent_covered": 100.0, "percent_covered_display": "100", "missing_lines": 0, "excluded_lines": 0, "percent_statements_covered": 100.0, "percent_statements_covered_display": "100"}, "missing_lines": [], "excluded_lines": [], "start_line": 421}, "JsonDatabaseXDG.__init__": {"executed_lines": [449, 450], "summary": {"covered_lines": 2, "num_statements": 2, "percent_covered": 100.0, "percent_covered_display": "100", "missing_lines": 0, "excluded_lines": 0, "percent_statements_covered": 100.0, "percent_statements_covered_display": "100"}, "missing_lines": [], "excluded_lines": [], "start_line": 446}, "JsonConfigXDG.__init__": {"executed_lines": [468], "summary": {"covered_lines": 1, "num_statements": 1, "percent_covered": 100.0, "percent_covered_display": "100", "missing_lines": 0, "excluded_lines": 0, "percent_statements_covered": 100.0, "percent_statements_covered_display": "100"}, "missing_lines": [], "excluded_lines": [], "start_line": 465}, "": {"executed_lines": [], "summary": {"covered_lines": 0, "num_statements": 72, "percent_covered": 0.0, "percent_covered_display": "0", "missing_lines": 72, "excluded_lines": 0, "percent_statements_covered": 0.0, "percent_statements_covered_display": "0"}, "missing_lines": [1, 2, 3, 4, 5, 6, 7, 9, 11, 12, 14, 17, 19, 20, 23, 43, 54, 76, 80, 86, 101, 106, 111, 115, 124, 150, 155, 169, 182, 210, 223, 227, 235, 238, 241, 256, 262, 267, 272, 278, 281, 285, 290, 300, 322, 340, 351, 357, 362, 373, 384, 398, 408, 418, 421, 434, 446, 453, 465, 471, 473, 474, 475, 476, 477, 478, 479, 480, 481, 482, 484, 485], "excluded_lines": [], "start_line": 1}}, "classes": {"JsonStorage": {"executed_lines": [44, 45, 46, 47, 49, 50, 51, 52, 61, 62, 63, 64, 65, 66, 67, 68, 69, 70, 71, 72, 74, 77, 78, 81, 82, 84, 90, 91, 92, 93, 94, 95, 96, 97, 98, 99, 102, 103, 104, 108, 109, 113, 117, 118, 119, 120, 121], "summary": {"covered_lines": 47, "num_statements": 47, "percent_covered": 100.0, "percent_covered_display": "100", "missing_lines": 0, "excluded_lines": 0, "percent_statements_covered": 100.0, "percent_statements_covered_display": "100"}, "missing_lines": [], "excluded_lines": [], "start_line": 23}, "EncryptedJsonStorage": {"executed_lines": [151, 152, 153, 162, 164, 165, 166, 167, 173, 174, 175, 176, 177, 178, 179], "summary": {"covered_lines": 15, "num_statements": 15, "percent_covered": 100.0, "percent_covered_display": "100", "missing_lines": 0, "excluded_lines": 0, "percent_statements_covered": 100.0, "percent_statements_covered_display": "100"}, "missing_lines": [], "excluded_lines": [], "start_line": 124}, "JsonDatabase": {"executed_lines": [215, 216, 217, 218, 219, 220, 225, 229, 230, 231, 232, 233, 236, 239, 242, 243, 244, 245, 246, 247, 248, 250, 251, 252, 253, 254, 257, 258, 260, 263, 264, 265, 268, 269, 276, 279, 282, 286, 287, 288, 295, 296, 297, 298, 304, 305, 306, 307, 308, 317, 318, 320, 325, 326, 327, 328, 331, 337, 338, 342, 343, 344, 345, 347, 348, 353, 354, 355, 359, 360, 368, 370, 374, 375, 376, 378, 381, 382, 385, 386, 387, 389, 392, 393], "summary": {"covered_lines": 84, "num_statements": 91, "percent_covered": 92.3076923076923, "percent_covered_display": "92", "missing_lines": 7, "excluded_lines": 0, "percent_statements_covered": 92.3076923076923, "percent_statements_covered_display": "92"}, "missing_lines": [329, 346, 369, 377, 379, 388, 390], "excluded_lines": [], "start_line": 182}, "JsonStorageXDG": {"executed_lines": [413, 414, 415], "summary": {"covered_lines": 3, "num_statements": 3, "percent_covered": 100.0, "percent_covered_display": "100", "missing_lines": 0, "excluded_lines": 0, "percent_statements_covered": 100.0, "percent_statements_covered_display": "100"}, "missing_lines": [], "excluded_lines": [], "start_line": 398}, "EncryptedJsonStorageXDG": {"executed_lines": [428, 429, 430], "summary": {"covered_lines": 3, "num_statements": 3, "percent_covered": 100.0, "percent_covered_display": "100", "missing_lines": 0, "excluded_lines": 0, "percent_statements_covered": 100.0, "percent_statements_covered_display": "100"}, "missing_lines": [], "excluded_lines": [], "start_line": 418}, "JsonDatabaseXDG": {"executed_lines": [449, 450], "summary": {"covered_lines": 2, "num_statements": 2, "percent_covered": 100.0, "percent_covered_display": "100", "missing_lines": 0, "excluded_lines": 0, "percent_statements_covered": 100.0, "percent_statements_covered_display": "100"}, "missing_lines": [], "excluded_lines": [], "start_line": 434}, "JsonConfigXDG": {"executed_lines": [468], "summary": {"covered_lines": 1, "num_statements": 1, "percent_covered": 100.0, "percent_covered_display": "100", "missing_lines": 0, "excluded_lines": 0, "percent_statements_covered": 100.0, "percent_statements_covered_display": "100"}, "missing_lines": [], "excluded_lines": [], "start_line": 453}, "": {"executed_lines": [], "summary": {"covered_lines": 0, "num_statements": 72, "percent_covered": 0.0, "percent_covered_display": "0", "missing_lines": 72, "excluded_lines": 0, "percent_statements_covered": 0.0, "percent_statements_covered_display": "0"}, "missing_lines": [1, 2, 3, 4, 5, 6, 7, 9, 11, 12, 14, 17, 19, 20, 23, 43, 54, 76, 80, 86, 101, 106, 111, 115, 124, 150, 155, 169, 182, 210, 223, 227, 235, 238, 241, 256, 262, 267, 272, 278, 281, 285, 290, 300, 322, 340, 351, 357, 362, 373, 384, 398, 408, 418, 421, 434, 446, 453, 465, 471, 473, 474, 475, 476, 477, 478, 479, 480, 481, 482, 484, 485], "excluded_lines": [], "start_line": 1}}}, "json_database/crypto.py": {"executed_lines": [18, 20, 21, 22, 23, 24, 25, 26, 27, 31, 33, 34, 35, 36, 37, 38, 42, 43, 44, 46, 47, 53, 55, 57, 58, 61, 62, 63, 68, 71, 72, 77, 80], "summary": {"covered_lines": 33, "num_statements": 58, "percent_covered": 56.89655172413793, "percent_covered_display": "57", "missing_lines": 25, "excluded_lines": 0, "percent_statements_covered": 56.89655172413793, "percent_statements_covered_display": "57"}, "missing_lines": [1, 2, 3, 4, 6, 8, 9, 11, 12, 13, 14, 17, 19, 30, 32, 41, 45, 52, 54, 56, 59, 66, 69, 75, 79], "excluded_lines": [], "functions": {"encrypt": {"executed_lines": [18, 20, 21, 22, 23, 24, 25, 26, 27], "summary": {"covered_lines": 9, "num_statements": 10, "percent_covered": 90.0, "percent_covered_display": "90", "missing_lines": 1, "excluded_lines": 0, "percent_statements_covered": 90.0, "percent_statements_covered_display": "90"}, "missing_lines": [19], "excluded_lines": [], "start_line": 17}, "decrypt": {"executed_lines": [31, 33, 34, 35, 36, 37, 38], "summary": {"covered_lines": 7, "num_statements": 8, "percent_covered": 87.5, "percent_covered_display": "88", "missing_lines": 1, "excluded_lines": 0, "percent_statements_covered": 87.5, "percent_statements_covered_display": "88"}, "missing_lines": [32], "excluded_lines": [], "start_line": 30}, "encrypt_as_json": {"executed_lines": [42, 43, 44, 46, 47], "summary": {"covered_lines": 5, "num_statements": 6, "percent_covered": 83.33333333333333, "percent_covered_display": "83", "missing_lines": 1, "excluded_lines": 0, "percent_statements_covered": 83.33333333333333, "percent_statements_covered_display": "83"}, "missing_lines": [45], "excluded_lines": [], "start_line": 41}, "decrypt_from_json": {"executed_lines": [53, 55, 57, 58, 61, 62, 63], "summary": {"covered_lines": 7, "num_statements": 10, "percent_covered": 70.0, "percent_covered_display": "70", "missing_lines": 3, "excluded_lines": 0, "percent_statements_covered": 70.0, "percent_statements_covered_display": "70"}, "missing_lines": [54, 56, 59], "excluded_lines": [], "start_line": 52}, "compress_payload": {"executed_lines": [68, 71, 72], "summary": {"covered_lines": 3, "num_statements": 4, "percent_covered": 75.0, "percent_covered_display": "75", "missing_lines": 1, "excluded_lines": 0, "percent_statements_covered": 75.0, "percent_statements_covered_display": "75"}, "missing_lines": [69], "excluded_lines": [], "start_line": 66}, "decompress_payload": {"executed_lines": [77, 80], "summary": {"covered_lines": 2, "num_statements": 3, "percent_covered": 66.66666666666667, "percent_covered_display": "67", "missing_lines": 1, "excluded_lines": 0, "percent_statements_covered": 66.66666666666667, "percent_statements_covered_display": "67"}, "missing_lines": [79], "excluded_lines": [], "start_line": 75}, "": {"executed_lines": [], "summary": {"covered_lines": 0, "num_statements": 17, "percent_covered": 0.0, "percent_covered_display": "0", "missing_lines": 17, "excluded_lines": 0, "percent_statements_covered": 0.0, "percent_statements_covered_display": "0"}, "missing_lines": [1, 2, 3, 4, 6, 8, 9, 11, 12, 13, 14, 17, 30, 41, 52, 66, 75], "excluded_lines": [], "start_line": 1}}, "classes": {"": {"executed_lines": [18, 20, 21, 22, 23, 24, 25, 26, 27, 31, 33, 34, 35, 36, 37, 38, 42, 43, 44, 46, 47, 53, 55, 57, 58, 61, 62, 63, 68, 71, 72, 77, 80], "summary": {"covered_lines": 33, "num_statements": 58, "percent_covered": 56.89655172413793, "percent_covered_display": "57", "missing_lines": 25, "excluded_lines": 0, "percent_statements_covered": 56.89655172413793, "percent_statements_covered_display": "57"}, "missing_lines": [1, 2, 3, 4, 6, 8, 9, 11, 12, 13, 14, 17, 19, 30, 32, 41, 45, 52, 54, 56, 59, 66, 69, 75, 79], "excluded_lines": [], "start_line": 1}}}, "json_database/exceptions.py": {"executed_lines": [], "summary": {"covered_lines": 0, "num_statements": 6, "percent_covered": 0.0, "percent_covered_display": "0", "missing_lines": 6, "excluded_lines": 0, "percent_statements_covered": 0.0, "percent_statements_covered_display": "0"}, "missing_lines": [1, 5, 9, 13, 17, 21], "excluded_lines": [], "functions": {"": {"executed_lines": [], "summary": {"covered_lines": 0, "num_statements": 6, "percent_covered": 0.0, "percent_covered_display": "0", "missing_lines": 6, "excluded_lines": 0, "percent_statements_covered": 0.0, "percent_statements_covered_display": "0"}, "missing_lines": [1, 5, 9, 13, 17, 21], "excluded_lines": [], "start_line": 1}}, "classes": {"InvalidItemID": {"executed_lines": [], "summary": {"covered_lines": 0, "num_statements": 0, "percent_covered": 100.0, "percent_covered_display": "100", "missing_lines": 0, "excluded_lines": 0, "percent_statements_covered": 100.0, "percent_statements_covered_display": "100"}, "missing_lines": [], "excluded_lines": [], "start_line": 1}, "DatabaseNotCommitted": {"executed_lines": [], "summary": {"covered_lines": 0, "num_statements": 0, "percent_covered": 100.0, "percent_covered_display": "100", "missing_lines": 0, "excluded_lines": 0, "percent_statements_covered": 100.0, "percent_statements_covered_display": "100"}, "missing_lines": [], "excluded_lines": [], "start_line": 5}, "SessionError": {"executed_lines": [], "summary": {"covered_lines": 0, "num_statements": 0, "percent_covered": 100.0, "percent_covered_display": "100", "missing_lines": 0, "excluded_lines": 0, "percent_statements_covered": 100.0, "percent_statements_covered_display": "100"}, "missing_lines": [], "excluded_lines": [], "start_line": 9}, "MatchError": {"executed_lines": [], "summary": {"covered_lines": 0, "num_statements": 0, "percent_covered": 100.0, "percent_covered_display": "100", "missing_lines": 0, "excluded_lines": 0, "percent_statements_covered": 100.0, "percent_statements_covered_display": "100"}, "missing_lines": [], "excluded_lines": [], "start_line": 13}, "DecryptionKeyError": {"executed_lines": [], "summary": {"covered_lines": 0, "num_statements": 0, "percent_covered": 100.0, "percent_covered_display": "100", "missing_lines": 0, "excluded_lines": 0, "percent_statements_covered": 100.0, "percent_statements_covered_display": "100"}, "missing_lines": [], "excluded_lines": [], "start_line": 17}, "EncryptionKeyError": {"executed_lines": [], "summary": {"covered_lines": 0, "num_statements": 0, "percent_covered": 100.0, "percent_covered_display": "100", "missing_lines": 0, "excluded_lines": 0, "percent_statements_covered": 100.0, "percent_statements_covered_display": "100"}, "missing_lines": [], "excluded_lines": [], "start_line": 21}, "": {"executed_lines": [], "summary": {"covered_lines": 0, "num_statements": 6, "percent_covered": 0.0, "percent_covered_display": "0", "missing_lines": 6, "excluded_lines": 0, "percent_statements_covered": 0.0, "percent_statements_covered_display": "0"}, "missing_lines": [1, 5, 9, 13, 17, 21], "excluded_lines": [], "start_line": 1}}}, "json_database/hpm.py": {"executed_lines": [], "summary": {"covered_lines": 0, "num_statements": 44, "percent_covered": 0.0, "percent_covered_display": "0", "missing_lines": 44, "excluded_lines": 0, "percent_statements_covered": 0.0, "percent_statements_covered_display": "0"}, "missing_lines": [1, 2, 3, 4, 5, 6, 9, 10, 12, 13, 14, 16, 17, 18, 23, 26, 28, 30, 32, 42, 43, 45, 56, 57, 58, 59, 60, 62, 63, 64, 65, 66, 68, 75, 77, 84, 85, 87, 94, 95, 96, 97, 98, 99], "excluded_lines": [], "functions": {"JsonDB.__post_init__": {"executed_lines": [], "summary": {"covered_lines": 0, "num_statements": 4, "percent_covered": 0.0, "percent_covered_display": "0", "missing_lines": 4, "excluded_lines": 0, "percent_statements_covered": 0.0, "percent_statements_covered_display": "0"}, "missing_lines": [17, 18, 23, 26], "excluded_lines": [], "start_line": 16}, "JsonDB.sync": {"executed_lines": [], "summary": {"covered_lines": 0, "num_statements": 1, "percent_covered": 0.0, "percent_covered_display": "0", "missing_lines": 1, "excluded_lines": 0, "percent_statements_covered": 0.0, "percent_statements_covered_display": "0"}, "missing_lines": [30], "excluded_lines": [], "start_line": 28}, "JsonDB.add_item": {"executed_lines": [], "summary": {"covered_lines": 0, "num_statements": 2, "percent_covered": 0.0, "percent_covered_display": "0", "missing_lines": 2, "excluded_lines": 0, "percent_statements_covered": 0.0, "percent_statements_covered_display": "0"}, "missing_lines": [42, 43], "excluded_lines": [], "start_line": 32}, "JsonDB.search_by_value": {"executed_lines": [], "summary": {"covered_lines": 0, "num_statements": 10, "percent_covered": 0.0, "percent_covered_display": "0", "missing_lines": 10, "excluded_lines": 0, "percent_statements_covered": 0.0, "percent_statements_covered_display": "0"}, "missing_lines": [56, 57, 58, 59, 60, 62, 63, 64, 65, 66], "excluded_lines": [], "start_line": 45}, "JsonDB.__len__": {"executed_lines": [], "summary": {"covered_lines": 0, "num_statements": 1, "percent_covered": 0.0, "percent_covered_display": "0", "missing_lines": 1, "excluded_lines": 0, "percent_statements_covered": 0.0, "percent_statements_covered_display": "0"}, "missing_lines": [75], "excluded_lines": [], "start_line": 68}, "JsonDB.__iter__": {"executed_lines": [], "summary": {"covered_lines": 0, "num_statements": 2, "percent_covered": 0.0, "percent_covered_display": "0", "missing_lines": 2, "excluded_lines": 0, "percent_statements_covered": 0.0, "percent_statements_covered_display": "0"}, "missing_lines": [84, 85], "excluded_lines": [], "start_line": 77}, "JsonDB.commit": {"executed_lines": [], "summary": {"covered_lines": 0, "num_statements": 6, "percent_covered": 0.0, "percent_covered_display": "0", "missing_lines": 6, "excluded_lines": 0, "percent_statements_covered": 0.0, "percent_statements_covered_display": "0"}, "missing_lines": [94, 95, 96, 97, 98, 99], "excluded_lines": [], "start_line": 87}, "": {"executed_lines": [], "summary": {"covered_lines": 0, "num_statements": 18, "percent_covered": 0.0, "percent_covered_display": "0", "missing_lines": 18, "excluded_lines": 0, "percent_statements_covered": 0.0, "percent_statements_covered_display": "0"}, "missing_lines": [1, 2, 3, 4, 5, 6, 9, 10, 12, 13, 14, 16, 28, 32, 45, 68, 77, 87], "excluded_lines": [], "start_line": 1}}, "classes": {"JsonDB": {"executed_lines": [], "summary": {"covered_lines": 0, "num_statements": 26, "percent_covered": 0.0, "percent_covered_display": "0", "missing_lines": 26, "excluded_lines": 0, "percent_statements_covered": 0.0, "percent_statements_covered_display": "0"}, "missing_lines": [17, 18, 23, 26, 30, 42, 43, 56, 57, 58, 59, 60, 62, 63, 64, 65, 66, 75, 84, 85, 94, 95, 96, 97, 98, 99], "excluded_lines": [], "start_line": 10}, "": {"executed_lines": [], "summary": {"covered_lines": 0, "num_statements": 18, "percent_covered": 0.0, "percent_covered_display": "0", "missing_lines": 18, "excluded_lines": 0, "percent_statements_covered": 0.0, "percent_statements_covered_display": "0"}, "missing_lines": [1, 2, 3, 4, 5, 6, 9, 10, 12, 13, 14, 16, 28, 32, 45, 68, 77, 87], "excluded_lines": [], "start_line": 1}}}, "json_database/search.py": {"executed_lines": [1, 2, 5, 31, 37, 38, 40, 42, 43, 44, 45, 46, 47, 48, 49, 51, 52, 53, 54, 55, 56, 57, 58, 59, 62, 63, 65, 66, 67, 68, 69, 70, 71, 72, 74, 75, 76, 77, 78, 79, 82, 83, 84, 85, 86, 87, 91, 92, 94, 95, 96, 97, 98, 99, 100, 101, 102, 103, 105, 106, 108, 109, 110, 111, 112, 113, 114, 115, 116, 117, 118, 119, 120, 121, 122, 134, 136, 137, 139, 140, 141, 142, 143, 144, 145, 146, 148, 149, 150, 151, 152, 153, 156, 157, 159, 160, 161, 162, 165, 166, 168, 169, 170, 171, 173, 174, 175, 176, 178, 179, 180, 181, 183, 184, 185, 186, 188, 189, 190, 191, 193, 199, 201, 207], "summary": {"covered_lines": 124, "num_statements": 137, "percent_covered": 90.51094890510949, "percent_covered_display": "91", "missing_lines": 13, "excluded_lines": 0, "percent_statements_covered": 90.51094890510949, "percent_statements_covered_display": "91"}, "missing_lines": [88, 93, 124, 125, 126, 127, 128, 129, 130, 131, 132, 154, 155], "excluded_lines": [], "functions": {"Query.__init__": {"executed_lines": [37, 38, 40], "summary": {"covered_lines": 3, "num_statements": 3, "percent_covered": 100.0, "percent_covered_display": "100", "missing_lines": 0, "excluded_lines": 0, "percent_statements_covered": 100.0, "percent_statements_covered_display": "100"}, "missing_lines": [], "excluded_lines": [], "start_line": 31}, "Query.contains_key": {"executed_lines": [43, 44, 45, 46, 47, 48, 49, 51, 52, 53, 54, 55, 56, 57, 58, 59, 62, 63], "summary": {"covered_lines": 18, "num_statements": 18, "percent_covered": 100.0, "percent_covered_display": "100", "missing_lines": 0, "excluded_lines": 0, "percent_statements_covered": 100.0, "percent_statements_covered_display": "100"}, "missing_lines": [], "excluded_lines": [], "start_line": 42}, "Query.contains_value": {"executed_lines": [66, 67, 68, 69, 70, 71, 72, 74, 75, 76, 77, 78, 79, 82, 83, 84, 85, 86, 87, 91, 92, 94, 95, 96, 97, 98, 99, 100, 101, 102, 103, 105, 106], "summary": {"covered_lines": 33, "num_statements": 35, "percent_covered": 94.28571428571429, "percent_covered_display": "94", "missing_lines": 2, "excluded_lines": 0, "percent_statements_covered": 94.28571428571429, "percent_statements_covered_display": "94"}, "missing_lines": [88, 93], "excluded_lines": [], "start_line": 65}, "Query.value_contains": {"executed_lines": [109, 110, 111, 112, 113, 114, 115, 116, 117, 118, 119, 120, 121, 122, 134, 136, 137], "summary": {"covered_lines": 17, "num_statements": 26, "percent_covered": 65.38461538461539, "percent_covered_display": "65", "missing_lines": 9, "excluded_lines": 0, "percent_statements_covered": 65.38461538461539, "percent_statements_covered_display": "65"}, "missing_lines": [124, 125, 126, 127, 128, 129, 130, 131, 132], "excluded_lines": [], "start_line": 108}, "Query.value_contains_token": {"executed_lines": [140, 141, 142, 143, 144, 145, 146, 148, 149, 150, 151, 152, 153, 156, 157], "summary": {"covered_lines": 15, "num_statements": 17, "percent_covered": 88.23529411764706, "percent_covered_display": "88", "missing_lines": 2, "excluded_lines": 0, "percent_statements_covered": 88.23529411764706, "percent_statements_covered_display": "88"}, "missing_lines": [154, 155], "excluded_lines": [], "start_line": 139}, "Query.equal": {"executed_lines": [160, 161, 162, 165, 166], "summary": {"covered_lines": 5, "num_statements": 5, "percent_covered": 100.0, "percent_covered_display": "100", "missing_lines": 0, "excluded_lines": 0, "percent_statements_covered": 100.0, "percent_statements_covered_display": "100"}, "missing_lines": [], "excluded_lines": [], "start_line": 159}, "Query.below": {"executed_lines": [169, 170, 171], "summary": {"covered_lines": 3, "num_statements": 3, "percent_covered": 100.0, "percent_covered_display": "100", "missing_lines": 0, "excluded_lines": 0, "percent_statements_covered": 100.0, "percent_statements_covered_display": "100"}, "missing_lines": [], "excluded_lines": [], "start_line": 168}, "Query.above": {"executed_lines": [174, 175, 176], "summary": {"covered_lines": 3, "num_statements": 3, "percent_covered": 100.0, "percent_covered_display": "100", "missing_lines": 0, "excluded_lines": 0, "percent_statements_covered": 100.0, "percent_statements_covered_display": "100"}, "missing_lines": [], "excluded_lines": [], "start_line": 173}, "Query.below_or_equal": {"executed_lines": [179, 180, 181], "summary": {"covered_lines": 3, "num_statements": 3, "percent_covered": 100.0, "percent_covered_display": "100", "missing_lines": 0, "excluded_lines": 0, "percent_statements_covered": 100.0, "percent_statements_covered_display": "100"}, "missing_lines": [], "excluded_lines": [], "start_line": 178}, "Query.above_or_equal": {"executed_lines": [184, 185, 186], "summary": {"covered_lines": 3, "num_statements": 3, "percent_covered": 100.0, "percent_covered_display": "100", "missing_lines": 0, "excluded_lines": 0, "percent_statements_covered": 100.0, "percent_statements_covered_display": "100"}, "missing_lines": [], "excluded_lines": [], "start_line": 183}, "Query.in_range": {"executed_lines": [189, 190, 191], "summary": {"covered_lines": 3, "num_statements": 3, "percent_covered": 100.0, "percent_covered_display": "100", "missing_lines": 0, "excluded_lines": 0, "percent_statements_covered": 100.0, "percent_statements_covered_display": "100"}, "missing_lines": [], "excluded_lines": [], "start_line": 188}, "Query.all": {"executed_lines": [199], "summary": {"covered_lines": 1, "num_statements": 1, "percent_covered": 100.0, "percent_covered_display": "100", "missing_lines": 0, "excluded_lines": 0, "percent_statements_covered": 100.0, "percent_statements_covered_display": "100"}, "missing_lines": [], "excluded_lines": [], "start_line": 193}, "Query.build": {"executed_lines": [207], "summary": {"covered_lines": 1, "num_statements": 1, "percent_covered": 100.0, "percent_covered_display": "100", "missing_lines": 0, "excluded_lines": 0, "percent_statements_covered": 100.0, "percent_statements_covered_display": "100"}, "missing_lines": [], "excluded_lines": [], "start_line": 201}, "": {"executed_lines": [1, 2, 5, 31, 42, 65, 108, 139, 159, 168, 173, 178, 183, 188, 193, 201], "summary": {"covered_lines": 16, "num_statements": 16, "percent_covered": 100.0, "percent_covered_display": "100", "missing_lines": 0, "excluded_lines": 0, "percent_statements_covered": 100.0, "percent_statements_covered_display": "100"}, "missing_lines": [], "excluded_lines": [], "start_line": 1}}, "classes": {"Query": {"executed_lines": [37, 38, 40, 43, 44, 45, 46, 47, 48, 49, 51, 52, 53, 54, 55, 56, 57, 58, 59, 62, 63, 66, 67, 68, 69, 70, 71, 72, 74, 75, 76, 77, 78, 79, 82, 83, 84, 85, 86, 87, 91, 92, 94, 95, 96, 97, 98, 99, 100, 101, 102, 103, 105, 106, 109, 110, 111, 112, 113, 114, 115, 116, 117, 118, 119, 120, 121, 122, 134, 136, 137, 140, 141, 142, 143, 144, 145, 146, 148, 149, 150, 151, 152, 153, 156, 157, 160, 161, 162, 165, 166, 169, 170, 171, 174, 175, 176, 179, 180, 181, 184, 185, 186, 189, 190, 191, 199, 207], "summary": {"covered_lines": 108, "num_statements": 121, "percent_covered": 89.25619834710744, "percent_covered_display": "89", "missing_lines": 13, "excluded_lines": 0, "percent_statements_covered": 89.25619834710744, "percent_statements_covered_display": "89"}, "missing_lines": [88, 93, 124, 125, 126, 127, 128, 129, 130, 131, 132, 154, 155], "excluded_lines": [], "start_line": 5}, "": {"executed_lines": [1, 2, 5, 31, 42, 65, 108, 139, 159, 168, 173, 178, 183, 188, 193, 201], "summary": {"covered_lines": 16, "num_statements": 16, "percent_covered": 100.0, "percent_covered_display": "100", "missing_lines": 0, "excluded_lines": 0, "percent_statements_covered": 100.0, "percent_statements_covered_display": "100"}, "missing_lines": [], "excluded_lines": [], "start_line": 1}}}, "json_database/utils.py": {"executed_lines": [12, 23, 27, 31, 35, 44, 57, 58, 59, 60, 62, 64, 65, 66, 67, 68, 70, 71, 73, 90, 91, 92, 93, 95, 96, 97, 99, 100, 101, 102, 106, 107, 127, 128, 130, 152, 154, 155, 156, 157, 158, 159, 161, 165, 166, 167, 168, 169, 170, 171, 173, 174, 175, 184, 185, 186, 188, 189, 190, 191, 192, 194, 195, 197, 198, 199, 200, 201, 202, 208, 217, 220, 222, 223, 225, 226, 227, 229, 230, 231, 232, 234, 244, 253, 254, 255, 257, 259, 260, 262, 263, 265, 266, 267, 268, 269, 270, 271, 272, 276, 285, 286, 287, 288, 289, 290, 291, 292, 293, 294, 295, 296, 297, 298, 299, 300, 302, 303, 304, 305, 306, 307, 308, 314, 318, 319, 320, 321, 322, 324, 325, 326, 327, 328, 330, 331], "summary": {"covered_lines": 136, "num_statements": 173, "percent_covered": 78.61271676300578, "percent_covered_display": "79", "missing_lines": 37, "excluded_lines": 0, "percent_statements_covered": 78.61271676300578, "percent_statements_covered_display": "79"}, "missing_lines": [1, 2, 5, 11, 14, 25, 29, 33, 38, 47, 76, 104, 110, 133, 164, 178, 203, 204, 206, 211, 218, 224, 235, 236, 237, 238, 239, 240, 241, 243, 247, 274, 279, 309, 310, 312, 317], "excluded_lines": [], "functions": {"DummyLock.__init__": {"executed_lines": [12], "summary": {"covered_lines": 1, "num_statements": 1, "percent_covered": 100.0, "percent_covered_display": "100", "missing_lines": 0, "excluded_lines": 0, "percent_statements_covered": 100.0, "percent_statements_covered_display": "100"}, "missing_lines": [], "excluded_lines": [], "start_line": 11}, "DummyLock.acquire": {"executed_lines": [23], "summary": {"covered_lines": 1, "num_statements": 1, "percent_covered": 100.0, "percent_covered_display": "100", "missing_lines": 0, "excluded_lines": 0, "percent_statements_covered": 100.0, "percent_statements_covered_display": "100"}, "missing_lines": [], "excluded_lines": [], "start_line": 14}, "DummyLock.release": {"executed_lines": [27], "summary": {"covered_lines": 1, "num_statements": 1, "percent_covered": 100.0, "percent_covered_display": "100", "missing_lines": 0, "excluded_lines": 0, "percent_statements_covered": 100.0, "percent_statements_covered_display": "100"}, "missing_lines": [], "excluded_lines": [], "start_line": 25}, "DummyLock.__enter__": {"executed_lines": [31], "summary": {"covered_lines": 1, "num_statements": 1, "percent_covered": 100.0, "percent_covered_display": "100", "missing_lines": 0, "excluded_lines": 0, "percent_statements_covered": 100.0, "percent_statements_covered_display": "100"}, "missing_lines": [], "excluded_lines": [], "start_line": 29}, "DummyLock.__exit__": {"executed_lines": [35], "summary": {"covered_lines": 1, "num_statements": 1, "percent_covered": 100.0, "percent_covered_display": "100", "missing_lines": 0, "excluded_lines": 0, "percent_statements_covered": 100.0, "percent_statements_covered_display": "100"}, "missing_lines": [], "excluded_lines": [], "start_line": 33}, "fuzzy_match": {"executed_lines": [44], "summary": {"covered_lines": 1, "num_statements": 1, "percent_covered": 100.0, "percent_covered_display": "100", "missing_lines": 0, "excluded_lines": 0, "percent_statements_covered": 100.0, "percent_statements_covered_display": "100"}, "missing_lines": [], "excluded_lines": [], "start_line": 38}, "match_one": {"executed_lines": [57, 58, 59, 60, 62, 64, 65, 66, 67, 68, 70, 71, 73], "summary": {"covered_lines": 13, "num_statements": 13, "percent_covered": 100.0, "percent_covered_display": "100", "missing_lines": 0, "excluded_lines": 0, "percent_statements_covered": 100.0, "percent_statements_covered_display": "100"}, "missing_lines": [], "excluded_lines": [], "start_line": 47}, "merge_dict": {"executed_lines": [90, 91, 92, 93, 95, 96, 97, 99, 100, 101, 102, 106, 107], "summary": {"covered_lines": 13, "num_statements": 14, "percent_covered": 92.85714285714286, "percent_covered_display": "93", "missing_lines": 1, "excluded_lines": 0, "percent_statements_covered": 92.85714285714286, "percent_statements_covered_display": "93"}, "missing_lines": [104], "excluded_lines": [], "start_line": 76}, "load_commented_json": {"executed_lines": [127, 128, 130], "summary": {"covered_lines": 3, "num_statements": 3, "percent_covered": 100.0, "percent_covered_display": "100", "missing_lines": 0, "excluded_lines": 0, "percent_statements_covered": 100.0, "percent_statements_covered_display": "100"}, "missing_lines": [], "excluded_lines": [], "start_line": 110}, "uncomment_json": {"executed_lines": [152, 154, 155, 156, 157, 158, 159, 161], "summary": {"covered_lines": 8, "num_statements": 8, "percent_covered": 100.0, "percent_covered_display": "100", "missing_lines": 0, "excluded_lines": 0, "percent_statements_covered": 100.0, "percent_statements_covered_display": "100"}, "missing_lines": [], "excluded_lines": [], "start_line": 133}, "is_jsonifiable": {"executed_lines": [165, 166, 167, 168, 169, 170, 171, 173, 174, 175], "summary": {"covered_lines": 10, "num_statements": 10, "percent_covered": 100.0, "percent_covered_display": "100", "missing_lines": 0, "excluded_lines": 0, "percent_statements_covered": 100.0, "percent_statements_covered_display": "100"}, "missing_lines": [], "excluded_lines": [], "start_line": 164}, "get_key_recursively": {"executed_lines": [184, 185, 186, 188, 189, 190, 191, 192, 194, 195, 197, 198, 199, 200, 201, 202, 208], "summary": {"covered_lines": 17, "num_statements": 20, "percent_covered": 85.0, "percent_covered_display": "85", "missing_lines": 3, "excluded_lines": 0, "percent_statements_covered": 85.0, "percent_statements_covered_display": "85"}, "missing_lines": [203, 204, 206], "excluded_lines": [], "start_line": 178}, "get_key_recursively_fuzzy": {"executed_lines": [217, 220, 222, 223, 225, 226, 227, 229, 230, 231, 232, 234, 244], "summary": {"covered_lines": 13, "num_statements": 23, "percent_covered": 56.52173913043478, "percent_covered_display": "57", "missing_lines": 10, "excluded_lines": 0, "percent_statements_covered": 56.52173913043478, "percent_statements_covered_display": "57"}, "missing_lines": [218, 224, 235, 236, 237, 238, 239, 240, 241, 243], "excluded_lines": [], "start_line": 211}, "get_value_recursively": {"executed_lines": [253, 254, 255, 257, 259, 260, 262, 263, 265, 266, 267, 268, 269, 270, 271, 272, 276], "summary": {"covered_lines": 17, "num_statements": 18, "percent_covered": 94.44444444444444, "percent_covered_display": "94", "missing_lines": 1, "excluded_lines": 0, "percent_statements_covered": 94.44444444444444, "percent_statements_covered_display": "94"}, "missing_lines": [274], "excluded_lines": [], "start_line": 247}, "get_value_recursively_fuzzy": {"executed_lines": [285, 286, 287, 288, 289, 290, 291, 292, 293, 294, 295, 296, 297, 298, 299, 300, 302, 303, 304, 305, 306, 307, 308, 314], "summary": {"covered_lines": 24, "num_statements": 27, "percent_covered": 88.88888888888889, "percent_covered_display": "89", "missing_lines": 3, "excluded_lines": 0, "percent_statements_covered": 88.88888888888889, "percent_statements_covered_display": "89"}, "missing_lines": [309, 310, 312], "excluded_lines": [], "start_line": 279}, "jsonify_recursively": {"executed_lines": [318, 319, 320, 321, 322, 324, 325, 326, 327, 328, 330, 331], "summary": {"covered_lines": 12, "num_statements": 12, "percent_covered": 100.0, "percent_covered_display": "100", "missing_lines": 0, "excluded_lines": 0, "percent_statements_covered": 100.0, "percent_statements_covered_display": "100"}, "missing_lines": [], "excluded_lines": [], "start_line": 317}, "": {"executed_lines": [], "summary": {"covered_lines": 0, "num_statements": 19, "percent_covered": 0.0, "percent_covered_display": "0", "missing_lines": 19, "excluded_lines": 0, "percent_statements_covered": 0.0, "percent_statements_covered_display": "0"}, "missing_lines": [1, 2, 5, 11, 14, 25, 29, 33, 38, 47, 76, 110, 133, 164, 178, 211, 247, 279, 317], "excluded_lines": [], "start_line": 1}}, "classes": {"DummyLock": {"executed_lines": [12, 23, 27, 31, 35], "summary": {"covered_lines": 5, "num_statements": 5, "percent_covered": 100.0, "percent_covered_display": "100", "missing_lines": 0, "excluded_lines": 0, "percent_statements_covered": 100.0, "percent_statements_covered_display": "100"}, "missing_lines": [], "excluded_lines": [], "start_line": 5}, "": {"executed_lines": [44, 57, 58, 59, 60, 62, 64, 65, 66, 67, 68, 70, 71, 73, 90, 91, 92, 93, 95, 96, 97, 99, 100, 101, 102, 106, 107, 127, 128, 130, 152, 154, 155, 156, 157, 158, 159, 161, 165, 166, 167, 168, 169, 170, 171, 173, 174, 175, 184, 185, 186, 188, 189, 190, 191, 192, 194, 195, 197, 198, 199, 200, 201, 202, 208, 217, 220, 222, 223, 225, 226, 227, 229, 230, 231, 232, 234, 244, 253, 254, 255, 257, 259, 260, 262, 263, 265, 266, 267, 268, 269, 270, 271, 272, 276, 285, 286, 287, 288, 289, 290, 291, 292, 293, 294, 295, 296, 297, 298, 299, 300, 302, 303, 304, 305, 306, 307, 308, 314, 318, 319, 320, 321, 322, 324, 325, 326, 327, 328, 330, 331], "summary": {"covered_lines": 131, "num_statements": 168, "percent_covered": 77.97619047619048, "percent_covered_display": "78", "missing_lines": 37, "excluded_lines": 0, "percent_statements_covered": 77.97619047619048, "percent_statements_covered_display": "78"}, "missing_lines": [1, 2, 5, 11, 14, 25, 29, 33, 38, 47, 76, 104, 110, 133, 164, 178, 203, 204, 206, 211, 218, 224, 235, 236, 237, 238, 239, 240, 241, 243, 247, 274, 279, 309, 310, 312, 317], "excluded_lines": [], "start_line": 1}}}, "json_database/version.py": {"executed_lines": [], "summary": {"covered_lines": 0, "num_statements": 4, "percent_covered": 0.0, "percent_covered_display": "0", "missing_lines": 4, "excluded_lines": 0, "percent_statements_covered": 0.0, "percent_statements_covered_display": "0"}, "missing_lines": [2, 3, 4, 5], "excluded_lines": [], "functions": {"": {"executed_lines": [], "summary": {"covered_lines": 0, "num_statements": 4, "percent_covered": 0.0, "percent_covered_display": "0", "missing_lines": 4, "excluded_lines": 0, "percent_statements_covered": 0.0, "percent_statements_covered_display": "0"}, "missing_lines": [2, 3, 4, 5], "excluded_lines": [], "start_line": 1}}, "classes": {"": {"executed_lines": [], "summary": {"covered_lines": 0, "num_statements": 4, "percent_covered": 0.0, "percent_covered_display": "0", "missing_lines": 4, "excluded_lines": 0, "percent_statements_covered": 0.0, "percent_statements_covered_display": "0"}, "missing_lines": [2, 3, 4, 5], "excluded_lines": [], "start_line": 1}}}, "json_database/xdg_utils.py": {"executed_lines": [83, 84, 85, 86, 112, 113, 114, 117, 118, 119, 124, 129, 134, 139, 147, 157, 158, 159, 160, 165], "summary": {"covered_lines": 20, "num_statements": 39, "percent_covered": 51.282051282051285, "percent_covered_display": "51", "missing_lines": 19, "excluded_lines": 0, "percent_statements_covered": 51.282051282051285, "percent_statements_covered_display": "51"}, "missing_lines": [40, 41, 42, 44, 61, 89, 122, 127, 132, 137, 145, 150, 163, 169, 170, 171, 172, 173, 174], "excluded_lines": [], "functions": {"_path_from_env": {"executed_lines": [83, 84, 85, 86], "summary": {"covered_lines": 4, "num_statements": 4, "percent_covered": 100.0, "percent_covered_display": "100", "missing_lines": 0, "excluded_lines": 0, "percent_statements_covered": 100.0, "percent_statements_covered_display": "100"}, "missing_lines": [], "excluded_lines": [], "start_line": 61}, "_paths_from_env": {"executed_lines": [112, 113, 114, 117, 118, 119], "summary": {"covered_lines": 6, "num_statements": 6, "percent_covered": 100.0, "percent_covered_display": "100", "missing_lines": 0, "excluded_lines": 0, "percent_statements_covered": 100.0, "percent_statements_covered_display": "100"}, "missing_lines": [], "excluded_lines": [], "start_line": 89}, "xdg_cache_home": {"executed_lines": [124], "summary": {"covered_lines": 1, "num_statements": 1, "percent_covered": 100.0, "percent_covered_display": "100", "missing_lines": 0, "excluded_lines": 0, "percent_statements_covered": 100.0, "percent_statements_covered_display": "100"}, "missing_lines": [], "excluded_lines": [], "start_line": 122}, "xdg_config_dirs": {"executed_lines": [129], "summary": {"covered_lines": 1, "num_statements": 1, "percent_covered": 100.0, "percent_covered_display": "100", "missing_lines": 0, "excluded_lines": 0, "percent_statements_covered": 100.0, "percent_statements_covered_display": "100"}, "missing_lines": [], "excluded_lines": [], "start_line": 127}, "xdg_config_home": {"executed_lines": [134], "summary": {"covered_lines": 1, "num_statements": 1, "percent_covered": 100.0, "percent_covered_display": "100", "missing_lines": 0, "excluded_lines": 0, "percent_statements_covered": 100.0, "percent_statements_covered_display": "100"}, "missing_lines": [], "excluded_lines": [], "start_line": 132}, "xdg_data_dirs": {"executed_lines": [139], "summary": {"covered_lines": 1, "num_statements": 1, "percent_covered": 100.0, "percent_covered_display": "100", "missing_lines": 0, "excluded_lines": 0, "percent_statements_covered": 100.0, "percent_statements_covered_display": "100"}, "missing_lines": [], "excluded_lines": [], "start_line": 137}, "xdg_data_home": {"executed_lines": [147], "summary": {"covered_lines": 1, "num_statements": 1, "percent_covered": 100.0, "percent_covered_display": "100", "missing_lines": 0, "excluded_lines": 0, "percent_statements_covered": 100.0, "percent_statements_covered_display": "100"}, "missing_lines": [], "excluded_lines": [], "start_line": 145}, "xdg_runtime_dir": {"executed_lines": [157, 158, 159, 160], "summary": {"covered_lines": 4, "num_statements": 4, "percent_covered": 100.0, "percent_covered_display": "100", "missing_lines": 0, "excluded_lines": 0, "percent_statements_covered": 100.0, "percent_statements_covered_display": "100"}, "missing_lines": [], "excluded_lines": [], "start_line": 150}, "xdg_state_home": {"executed_lines": [165], "summary": {"covered_lines": 1, "num_statements": 1, "percent_covered": 100.0, "percent_covered_display": "100", "missing_lines": 0, "excluded_lines": 0, "percent_statements_covered": 100.0, "percent_statements_covered_display": "100"}, "missing_lines": [], "excluded_lines": [], "start_line": 163}, "": {"executed_lines": [], "summary": {"covered_lines": 0, "num_statements": 19, "percent_covered": 0.0, "percent_covered_display": "0", "missing_lines": 19, "excluded_lines": 0, "percent_statements_covered": 0.0, "percent_statements_covered_display": "0"}, "missing_lines": [40, 41, 42, 44, 61, 89, 122, 127, 132, 137, 145, 150, 163, 169, 170, 171, 172, 173, 174], "excluded_lines": [], "start_line": 1}}, "classes": {"": {"executed_lines": [83, 84, 85, 86, 112, 113, 114, 117, 118, 119, 124, 129, 134, 139, 147, 157, 158, 159, 160, 165], "summary": {"covered_lines": 20, "num_statements": 39, "percent_covered": 51.282051282051285, "percent_covered_display": "51", "missing_lines": 19, "excluded_lines": 0, "percent_statements_covered": 51.282051282051285, "percent_statements_covered_display": "51"}, "missing_lines": [40, 41, 42, 44, 61, 89, 122, 127, 132, 137, 145, 150, 163, 169, 170, 171, 172, 173, 174], "excluded_lines": [], "start_line": 1}}}}, "totals": {"covered_lines": 468, "num_statements": 695, "percent_covered": 67.33812949640287, "percent_covered_display": "67", "missing_lines": 227, "excluded_lines": 0, "percent_statements_covered": 67.33812949640287, "percent_statements_covered_display": "67"}}